Determining if the pthread_create exist failed with the following output:
Change Dir: /var/www/html/test/mjpg-streamer-master/mjpg-streamer-experimental/_build/CMakeFiles/CMakeTmp

Run Build Command:"/usr/bin/make" "cmTC_0ae35/fast"
make[1]: Entering directory '/var/www/html/test/mjpg-streamer-master/mjpg-streamer-experimental/_build/CMakeFiles/CMakeTmp'
/usr/bin/make -f CMakeFiles/cmTC_0ae35.dir/build.make CMakeFiles/cmTC_0ae35.dir/build
make[2]: Entering directory '/var/www/html/test/mjpg-streamer-master/mjpg-streamer-experimental/_build/CMakeFiles/CMakeTmp'
Building C object CMakeFiles/cmTC_0ae35.dir/CheckSymbolExists.c.o
/usr/bin/cc     -o CMakeFiles/cmTC_0ae35.dir/CheckSymbolExists.c.o   -c /var/www/html/test/mjpg-streamer-master/mjpg-streamer-experimental/_build/CMakeFiles/CMakeTmp/CheckSymbolExists.c
Linking C executable cmTC_0ae35
/usr/bin/cmake -E cmake_link_script CMakeFiles/cmTC_0ae35.dir/link.txt --verbose=1
/usr/bin/cc       CMakeFiles/cmTC_0ae35.dir/CheckSymbolExists.c.o  -o cmTC_0ae35 -rdynamic 
CMakeFiles/cmTC_0ae35.dir/CheckSymbolExists.c.o: In function `main':
CheckSymbolExists.c:(.text+0x38): undefined reference to `pthread_create'
collect2: error: ld returned 1 exit status
CMakeFiles/cmTC_0ae35.dir/build.make:97: recipe for target 'cmTC_0ae35' failed
make[2]: *** [cmTC_0ae35] Error 1
make[2]: Leaving directory '/var/www/html/test/mjpg-streamer-master/mjpg-streamer-experimental/_build/CMakeFiles/CMakeTmp'
Makefile:126: recipe for target 'cmTC_0ae35/fast' failed
make[1]: *** [cmTC_0ae35/fast] Error 2
make[1]: Leaving directory '/var/www/html/test/mjpg-streamer-master/mjpg-streamer-experimental/_build/CMakeFiles/CMakeTmp'

File /var/www/html/test/mjpg-streamer-master/mjpg-streamer-experimental/_build/CMakeFiles/CMakeTmp/CheckSymbolExists.c:
/* */
#include <pthread.h>

int main(int argc, char** argv)
{
  (void)argv;
#ifndef pthread_create
  return ((int*)(&pthread_create))[argc];
#else
  (void)argc;
  return 0;
#endif
}

Determining if the function pthread_create exists in the pthreads failed with the following output:
Change Dir: /var/www/html/test/mjpg-streamer-master/mjpg-streamer-experimental/_build/CMakeFiles/CMakeTmp

Run Build Command:"/usr/bin/make" "cmTC_aa183/fast"
make[1]: Entering directory '/var/www/html/test/mjpg-streamer-master/mjpg-streamer-experimental/_build/CMakeFiles/CMakeTmp'
/usr/bin/make -f CMakeFiles/cmTC_aa183.dir/build.make CMakeFiles/cmTC_aa183.dir/build
make[2]: Entering directory '/var/www/html/test/mjpg-streamer-master/mjpg-streamer-experimental/_build/CMakeFiles/CMakeTmp'
Building C object CMakeFiles/cmTC_aa183.dir/CheckFunctionExists.c.o
/usr/bin/cc    -DCHECK_FUNCTION_EXISTS=pthread_create   -o CMakeFiles/cmTC_aa183.dir/CheckFunctionExists.c.o   -c /usr/share/cmake-3.6/Modules/CheckFunctionExists.c
Linking C executable cmTC_aa183
/usr/bin/cmake -E cmake_link_script CMakeFiles/cmTC_aa183.dir/link.txt --verbose=1
/usr/bin/cc   -DCHECK_FUNCTION_EXISTS=pthread_create    CMakeFiles/cmTC_aa183.dir/CheckFunctionExists.c.o  -o cmTC_aa183 -rdynamic -lpthreads 
/usr/bin/ld: cannot find -lpthreads
collect2: error: ld returned 1 exit status
CMakeFiles/cmTC_aa183.dir/build.make:97: recipe for target 'cmTC_aa183' failed
make[2]: *** [cmTC_aa183] Error 1
make[2]: Leaving directory '/var/www/html/test/mjpg-streamer-master/mjpg-streamer-experimental/_build/CMakeFiles/CMakeTmp'
Makefile:126: recipe for target 'cmTC_aa183/fast' failed
make[1]: *** [cmTC_aa183/fast] Error 2
make[1]: Leaving directory '/var/www/html/test/mjpg-streamer-master/mjpg-streamer-experimental/_build/CMakeFiles/CMakeTmp'


